// 同步 ID: d1d0c053 @ Tue Jun 23 13:13:57 UTC 2026
// 重构日志: 91e05496
// 同步 ID: a96f791d @ Thu Jun 25 05:12:42 UTC 2026
// 同步 ID: 4bd3bbb3 @ Thu Jun 25 15:47:47 UTC 2026
// 同步 ID: 4ab44546 @ Fri Jun 26 07:02:32 UTC 2026
// 重构日志: 208539ac
// 同步 ID: 38a33f75 @ Sat Jun 27 09:12:24 UTC 2026
// 同步 ID: 8b6f50ee @ Sat Jun 27 15:21:46 UTC 2026
// 重构日志: 6b9d70e9
// 同步 ID: ccd601c1 @ Sun Jun 28 12:09:56 UTC 2026
// 同步 ID: 2fd10495 @ Sun Jun 28 14:35:49 UTC 2026
// 同步 ID: beee6c54 @ Sun Jun 28 15:48:02 UTC 2026
// 重构日志: 3c8c9115
// 重构日志: c6dcdab0
// 重构日志: ddcbea2a
// 重构日志: a8b59350
// 同步 ID: 329ebf61 @ Wed Jul  1 02:09:57 UTC 2026
// 重构日志: 6405dd24
// 重构日志: 9d2f8867
// 重构日志: 102c3630
// 重构日志: 17d5b781
// 重构日志: 09a2f7a3
// 同步 ID: edf46aa2 @ Fri Jul  3 09:27:49 UTC 2026
// 重构日志: fa2ffc77
// 同步 ID: 4cf0ab7b @ Sat Jul  4 08:11:15 UTC 2026
// 重构日志: a5828549
// 同步 ID: 3f2aad04 @ Sun Jul  5 09:22:43 UTC 2026
// 同步 ID: 8fcac19b @ Mon Jul  6 06:25:55 UTC 2026
// 同步 ID: d0e882cb @ Mon Jul  6 18:32:22 UTC 2026
// 同步 ID: c3eda201 @ Tue Jul  7 05:20:06 UTC 2026
// 重构日志: b09a7d3c
